0 info it worked if it ends with ok
1 verbose cli [ '/home/ubuntu/.nvm/versions/node/v4.1.1/bin/node',
1 verbose cli   '/home/ubuntu/.nvm/versions/node/v4.1.1/bin/npm',
1 verbose cli   'install',
1 verbose cli   'elasticsearch@1.7.5',
1 verbose cli   '--save' ]
2 info using npm@2.14.4
3 info using node@v4.1.1
4 verbose install initial load of /home/ubuntu/workspace/package.json
5 verbose installManyTop reading scoped package data from /home/ubuntu/workspace/node_modules/async/package.json
6 verbose installManyTop reading scoped package data from /home/ubuntu/workspace/node_modules/bcrypt-nodejs/package.json
7 verbose installManyTop reading scoped package data from /home/ubuntu/workspace/node_modules/body-parser/package.json
8 verbose installManyTop reading scoped package data from /home/ubuntu/workspace/node_modules/connect-mongo/package.json
9 verbose installManyTop reading scoped package data from /home/ubuntu/workspace/node_modules/cookie-parser/package.json
10 verbose installManyTop reading scoped package data from /home/ubuntu/workspace/node_modules/ejs/package.json
11 verbose installManyTop reading scoped package data from /home/ubuntu/workspace/node_modules/ejs-mate/package.json
12 verbose installManyTop reading scoped package data from /home/ubuntu/workspace/node_modules/elasticsearch/package.json
13 verbose installManyTop reading scoped package data from /home/ubuntu/workspace/node_modules/express/package.json
14 verbose installManyTop reading scoped package data from /home/ubuntu/workspace/node_modules/express-flash/package.json
15 verbose installManyTop reading scoped package data from /home/ubuntu/workspace/node_modules/express-session/package.json
16 verbose installManyTop reading scoped package data from /home/ubuntu/workspace/node_modules/faker/package.json
17 verbose installManyTop reading scoped package data from /home/ubuntu/workspace/node_modules/mongoosastic/package.json
18 verbose installManyTop reading scoped package data from /home/ubuntu/workspace/node_modules/mongoose/package.json
19 verbose installManyTop reading scoped package data from /home/ubuntu/workspace/node_modules/morgan/package.json
20 verbose installManyTop reading scoped package data from /home/ubuntu/workspace/node_modules/passport/package.json
21 verbose installManyTop reading scoped package data from /home/ubuntu/workspace/node_modules/passport-local/package.json
22 verbose installManyTop reading scoped package data from /home/ubuntu/workspace/node_modules/socket.io/package.json
23 info package.json async@0.2.10 No license field.
24 info package.json express-flash@0.0.2 No license field.
25 info package.json passport@0.3.2 No README data
26 info package.json bcrypt-nodejs@0.0.3 No license field.
27 info package.json passport-local@1.0.0 No license field.
28 info package.json socket.io@0.9.17 No license field.
29 verbose readDependencies loading dependencies from /home/ubuntu/workspace/package.json
30 silly cache add args [ 'elasticsearch@1.7.5', null ]
31 verbose cache add spec elasticsearch@1.7.5
32 silly cache add parsed spec Result {
32 silly cache add   raw: 'elasticsearch@1.7.5',
32 silly cache add   scope: null,
32 silly cache add   name: 'elasticsearch',
32 silly cache add   rawSpec: '1.7.5',
32 silly cache add   spec: '1.7.5',
32 silly cache add   type: 'version' }
33 silly addNamed elasticsearch@1.7.5
34 verbose addNamed "1.7.5" is a plain semver version for elasticsearch
35 silly mapToRegistry name elasticsearch
36 silly mapToRegistry using default registry
37 silly mapToRegistry registry https://registry.npmjs.org/
38 silly mapToRegistry uri https://registry.npmjs.org/elasticsearch
39 verbose addNameVersion registry:https://registry.npmjs.org/elasticsearch not in flight; fetching
40 verbose request uri https://registry.npmjs.org/elasticsearch
41 verbose request no auth needed
42 info attempt registry request try #1 at 11:39:51 PM
43 verbose request id b5ee1371ad86fce6
44 verbose etag "DWFDGD7G6MWS6O2I5FS2QKH3W"
45 http request GET https://registry.npmjs.org/elasticsearch
46 http 304 https://registry.npmjs.org/elasticsearch
47 silly get cb [ 304,
47 silly get   { date: 'Tue, 08 Mar 2016 23:39:51 GMT',
47 silly get     via: '1.1 varnish',
47 silly get     'cache-control': 'max-age=300',
47 silly get     etag: '"DWFDGD7G6MWS6O2I5FS2QKH3W"',
47 silly get     age: '190',
47 silly get     connection: 'keep-alive',
47 silly get     'x-served-by': 'cache-dfw1823-DFW',
47 silly get     'x-cache': 'HIT',
47 silly get     'x-cache-hits': '1',
47 silly get     'x-timer': 'S1457480391.335782,VS0,VE0',
47 silly get     vary: 'Accept' } ]
48 verbose etag https://registry.npmjs.org/elasticsearch from cache
49 verbose get saving elasticsearch to /home/ubuntu/.npm/registry.npmjs.org/elasticsearch/.cache.json
50 verbose stack Error: version not found: elasticsearch@1.7.5
50 verbose stack     at setData (/home/ubuntu/.nvm/versions/node/v4.1.1/lib/node_modules/npm/lib/cache/add-named.js:137:12)
50 verbose stack     at RES (/home/ubuntu/.nvm/versions/node/v4.1.1/lib/node_modules/npm/node_modules/inflight/inflight.js:23:14)
50 verbose stack     at f (/home/ubuntu/.nvm/versions/node/v4.1.1/lib/node_modules/npm/node_modules/once/once.js:17:25)
50 verbose stack     at fixName (/home/ubuntu/.nvm/versions/node/v4.1.1/lib/node_modules/npm/lib/cache/add-named.js:29:5)
50 verbose stack     at saved (/home/ubuntu/.nvm/versions/node/v4.1.1/lib/node_modules/npm/lib/cache/caching-client.js:173:7)
50 verbose stack     at /home/ubuntu/.nvm/versions/node/v4.1.1/lib/node_modules/npm/node_modules/graceful-fs/polyfills.js:210:7
50 verbose stack     at FSReqWrap.oncomplete (fs.js:82:15)
51 verbose statusCode 404
52 verbose cwd /home/ubuntu/workspace
53 error Linux 4.2.0-c9
54 error argv "/home/ubuntu/.nvm/versions/node/v4.1.1/bin/node" "/home/ubuntu/.nvm/versions/node/v4.1.1/bin/npm" "install" "elasticsearch@1.7.5" "--save"
55 error node v4.1.1
56 error npm  v2.14.4
57 error version not found: elasticsearch@1.7.5
58 error If you need help, you may report this error at:
58 error     <https://github.com/npm/npm/issues>
59 verbose exit [ 1, true ]
